c:\users\mario\onedrive\documentos\vsprojects\prueba\prueba\debug\vc142.pdb
c:\users\mario\onedrive\documentos\vsprojects\prueba\prueba\debug\vc142.idb
c:\users\mario\onedrive\documentos\vsprojects\prueba\prueba\debug\spectrum.obj
c:\users\mario\onedrive\documentos\vsprojects\prueba\prueba\debug\server.obj
c:\users\mario\onedrive\documentos\vsprojects\prueba\prueba\debug\serverlistener.obj
c:\users\mario\onedrive\documentos\vsprojects\prueba\prueba\debug\jsonhandler.obj
c:\users\mario\onedrive\documentos\vsprojects\prueba\prueba\debug\pathfinding.obj
c:\users\mario\onedrive\documentos\vsprojects\prueba\prueba\debug\square.obj
c:\users\mario\onedrive\documentos\vsprojects\prueba\prueba\debug\node.obj
c:\users\mario\onedrive\documentos\vsprojects\prueba\prueba\debug\matrix.obj
c:\users\mario\onedrive\documentos\vsprojects\prueba\prueba\debug\main.obj
c:\users\mario\onedrive\documentos\vsprojects\prueba\prueba\debug\linkedlist.obj
c:\users\mario\onedrive\documentos\vsprojects\prueba\prueba\debug\gamemanager.obj
c:\users\mario\onedrive\documentos\vsprojects\prueba\prueba\debug\backtracking.obj
c:\users\mario\onedrive\documentos\vsprojects\prueba\prueba\debug\player.obj
c:\users\mario\onedrive\documentos\vsprojects\prueba\prueba\debug\serialize.obj
c:\users\mario\onedrive\documentos\vsprojects\prueba\debug\matrix.exe
c:\users\mario\onedrive\documentos\vsprojects\prueba\debug\matrix.ilk
c:\users\mario\onedrive\documentos\vsprojects\prueba\debug\matrix.pdb
c:\users\mario\onedrive\documentos\vsprojects\prueba\prueba\debug\vcpkg.applocal.log
c:\users\mario\onedrive\documentos\vsprojects\prueba\debug\jsoncpp.dll
c:\users\mario\onedrive\documentos\vsprojects\prueba\prueba\debug\matrix.tlog\cl.command.1.tlog
c:\users\mario\onedrive\documentos\vsprojects\prueba\prueba\debug\matrix.tlog\cl.read.1.tlog
c:\users\mario\onedrive\documentos\vsprojects\prueba\prueba\debug\matrix.tlog\cl.write.1.tlog
c:\users\mario\onedrive\documentos\vsprojects\prueba\prueba\debug\matrix.tlog\link.command.1.tlog
c:\users\mario\onedrive\documentos\vsprojects\prueba\prueba\debug\matrix.tlog\link.read.1.tlog
c:\users\mario\onedrive\documentos\vsprojects\prueba\prueba\debug\matrix.tlog\link.write.1.tlog
c:\users\mario\onedrive\documentos\vsprojects\prueba\prueba\debug\matrix.tlog\matrix.write.1u.tlog
