  Using triplet "x64-windows" from "C:\vcpkg\installed\x64-windows\"
  BackTracking.cpp
  breeder.cpp
C:\Users\mario\OneDrive\Documentos\GitHub\SpiritTower\SpiritTower\SpiritTower\Enemies\breeder.cpp(45,15): warning C4244: 'argument': conversion from 'time_t' to 'unsigned int', possible loss of data
C:\Users\mario\OneDrive\Documentos\GitHub\SpiritTower\SpiritTower\SpiritTower\Enemies\breeder.cpp(114,9): warning C4101: 'bestIdx': unreferenced local variable
C:\Users\mario\OneDrive\Documentos\GitHub\SpiritTower\SpiritTower\SpiritTower\Enemies\breeder.cpp(260,27): warning C4244: '=': conversion from 'double' to 'int', possible loss of data
C:\Users\mario\OneDrive\Documentos\GitHub\SpiritTower\SpiritTower\SpiritTower\Enemies\breeder.cpp(264,23): warning C4244: '=': conversion from 'double' to 'int', possible loss of data
  ChuChu.cpp
  EnemigoSimple.cpp
  GameManager.cpp
C:\Users\mario\OneDrive\Documentos\GitHub\SpiritTower\SpiritTower\SpiritTower\server\messagesManager\Serialize.h(4,10): fatal error C1083: Cannot open include file: 'json-c/json.h': No such file or directory
  main.cpp
C:\Users\mario\OneDrive\Documentos\GitHub\SpiritTower\SpiritTower\SpiritTower\server\messagesManager\Serialize.h(4,10): fatal error C1083: Cannot open include file: 'json-c/json.h': No such file or directory
  ServerListener.cpp
  GameServer.cpp
  JsonHandler.cpp
C:\Users\mario\OneDrive\Documentos\GitHub\SpiritTower\SpiritTower\SpiritTower\server\messagesManager\JsonHandler.h(3,10): fatal error C1083: Cannot open include file: 'json/json.h': No such file or directory
  LinkedList.cpp
  Matrix.cpp
  PathFinding.cpp
  OjoEspectral.cpp
  RatonSimple.cpp
  Spectrum.cpp
  Node.cpp
  Square.cpp
  Player.cpp
  Serialize.cpp
C:\Users\mario\OneDrive\Documentos\GitHub\SpiritTower\SpiritTower\SpiritTower\server\messagesManager\Serialize.h(4,10): fatal error C1083: Cannot open include file: 'json-c/json.h': No such file or directory
  Server.cpp
C:\Users\mario\OneDrive\Documentos\GitHub\SpiritTower\SpiritTower\SpiritTower\server\messagesManager\JsonHandler.h(3,10): fatal error C1083: Cannot open include file: 'json/json.h': No such file or directory
  Generating Code...
