c:\dev\spirittower\spirittower\debug\vc142.pdb
c:\dev\spirittower\spirittower\debug\vc142.idb
c:\dev\spirittower\spirittower\debug\node.obj
c:\dev\spirittower\spirittower\debug\jsonhandler.obj
c:\dev\spirittower\spirittower\debug\linkedlist.obj
c:\dev\spirittower\spirittower\debug\serverlistener.obj
c:\dev\spirittower\spirittower\debug\main.obj
c:\dev\spirittower\spirittower\debug\server.obj
c:\dev\spirittower\spirittower\debug\gamemanager.obj
c:\dev\spirittower\spirittower\debug\sendserialize.obj
c:\dev\spirittower\spirittower\debug\serialize.obj
c:\dev\spirittower\debug\spirittower.exe
c:\dev\spirittower\debug\spirittower.ilk
c:\dev\spirittower\debug\spirittower.pdb
c:\dev\spirittower\spirittower\debug\spirittower.res
c:\dev\spirittower\spirittower\debug\vcpkg.applocal.log
c:\dev\spirittower\debug\jsoncpp.dll
c:\dev\spirittower\debug\json-c.dll
c:\dev\spirittower\spirittower\debug\spirittower.tlog\cl.command.1.tlog
c:\dev\spirittower\spirittower\debug\spirittower.tlog\cl.read.1.tlog
c:\dev\spirittower\spirittower\debug\spirittower.tlog\cl.write.1.tlog
c:\dev\spirittower\spirittower\debug\spirittower.tlog\link.command.1.tlog
c:\dev\spirittower\spirittower\debug\spirittower.tlog\link.read.1.tlog
c:\dev\spirittower\spirittower\debug\spirittower.tlog\link.write.1.tlog
c:\dev\spirittower\spirittower\debug\spirittower.tlog\rc.command.1.tlog
c:\dev\spirittower\spirittower\debug\spirittower.tlog\rc.read.1.tlog
c:\dev\spirittower\spirittower\debug\spirittower.tlog\rc.write.1.tlog
c:\dev\spirittower\spirittower\debug\spirittower.tlog\spirittower.write.1u.tlog
